<?xml version="1.0" encoding="UTF-8"?>
<!-- Generated by org.testng.reporters.JUnitXMLReporter -->
<testsuite hostname="qainfotech-HP-Pro-3090-Microtower-PC" name="Default test" tests="9" failures="0" timestamp="7 Mar 2019 11:54:33 GMT" time="8.547" errors="0">
  <testcase name="Test01_LaunchTest" time="1.208" classname="com.qait.TatoctestNg.Testclass"/>
  <testcase name="Test02_gridGateTatoc" time="0.271" classname="com.qait.TatoctestNg.Testclass"/>
  <testcase name="Test03_frame" time="2.67" classname="com.qait.TatoctestNg.Testclass"/>
  <testcase name="Test04_dragTest" time="0.245" classname="com.qait.TatoctestNg.Testclass"/>
  <testcase name="Test05_popupWindowTest" time="0.302" classname="com.qait.TatoctestNg.Testclass"/>
  <testcase name="Test06_LaunchpopupWindow" time="0.546" classname="com.qait.TatoctestNg.Testclass"/>
  <testcase name="Test07_cookieHandling" time="0.76" classname="com.qait.TatoctestNg.Testclass"/>
  <testcase name="Test08_advancedCourse" time="0.208" classname="com.qait.TatoctestNg.Testclass"/>
  <testcase name="Test09_dropDown" time="0.722" classname="com.qait.TatoctestNg.Testclass"/>
</testsuite> <!-- Default test -->
