<?xml version="1.0" encoding="UTF-8"?>
<!-- Generated by org.testng.reporters.JUnitXMLReporter -->
<testsuite hostname="qainfotech-HP-Pro-3090-Microtower-PC" name="Test" tests="7" failures="7" timestamp="4 Mar 2019 12:26:24 GMT" time="0.072" errors="0">
  <testcase name="Test02_gridGateTatoc" time="0.015" classname="com.qait.TatoctestNg.Testclass">
    <failure type="java.lang.NullPointerException">
      <![CDATA[java.lang.NullPointerException
	at com.qait.TatoctestNg.Testclass.Test02_gridGateTatoc(Testclass.java:21)
... Removed 24 stack frames]]>
    </failure>
  </testcase> <!-- Test02_gridGateTatoc -->
  <testcase name="Test03_frame" time="0.002" classname="com.qait.TatoctestNg.Testclass">
    <failure type="java.lang.NullPointerException">
      <![CDATA[java.lang.NullPointerException
	at com.qait.TatoctestNg.Testclass.Test03_frame(Testclass.java:26)
... Removed 24 stack frames]]>
    </failure>
  </testcase> <!-- Test03_frame -->
  <testcase name="Test04_dragTest" time="0.001" classname="com.qait.TatoctestNg.Testclass">
    <failure type="java.lang.NullPointerException">
      <![CDATA[java.lang.NullPointerException
	at com.qait.TatoctestNg.Testclass.Test04_dragTest(Testclass.java:30)
... Removed 24 stack frames]]>
    </failure>
  </testcase> <!-- Test04_dragTest -->
  <testcase name="Test05_popupWindowTest" time="0.001" classname="com.qait.TatoctestNg.Testclass">
    <failure type="java.lang.NullPointerException">
      <![CDATA[java.lang.NullPointerException
	at com.qait.TatoctestNg.Testclass.Test05_popupWindowTest(Testclass.java:35)
... Removed 24 stack frames]]>
    </failure>
  </testcase> <!-- Test05_popupWindowTest -->
  <testcase name="Test06_LaunchpopupWindow" time="0.001" classname="com.qait.TatoctestNg.Testclass">
    <failure type="java.lang.NullPointerException">
      <![CDATA[java.lang.NullPointerException
	at com.qait.TatoctestNg.Testclass.Test06_LaunchpopupWindow(Testclass.java:39)
... Removed 24 stack frames]]>
    </failure>
  </testcase> <!-- Test06_LaunchpopupWindow -->
  <testcase name="Test07_cookieHandling" time="0.002" classname="com.qait.TatoctestNg.Testclass">
    <failure type="java.lang.NullPointerException">
      <![CDATA[java.lang.NullPointerException
	at com.qait.TatoctestNg.Testclass.Test07_cookieHandling(Testclass.java:43)
... Removed 24 stack frames]]>
    </failure>
  </testcase> <!-- Test07_cookieHandling -->
  <testcase name="Test08_advancedCourse" time="0.001" classname="com.qait.TatoctestNg.Testclass">
    <failure type="java.lang.NullPointerException">
      <![CDATA[java.lang.NullPointerException
	at com.qait.TatoctestNg.Testclass.Test08_advancedCourse(Testclass.java:47)
... Removed 24 stack frames]]>
    </failure>
  </testcase> <!-- Test08_advancedCourse -->
</testsuite> <!-- Test -->
